CRITICAL - 2024-12-27 15:43:18 --> ErrorException: preg_replace_callback(): Allocation of JIT memory failed, PCRE JIT will be disabled. This is likely caused by security restrictions. Either grant PHP permission to allocate executable memory, or set pcre.jit=0
[Method: GET, Route: /]
in SYSTEMPATH\HTTP\URI.php on line 1022.
 1 [internal function]: CodeIgniter\Debug\Exceptions->errorHandler(2, 'preg_replace_callback(): Allocation of JIT memory failed, PCRE JIT will be disabled. This is likely caused by security restrictions. Either grant PHP permission to allocate executable memory, or set pcre.jit=0', 'C:\\xampp\\htdocs\\codeigniter4-projets\\system\\HTTP\\URI.php', 1022)
 2 SYSTEMPATH\HTTP\URI.php(1022): preg_replace_callback('/(?:[^a-zA-Z0-9_\\-\\.~:@&=\\+\\$,\\/;%]+|%(?![A-Fa-f0-9]{2}))/', Object(Closure), '/')
 3 SYSTEMPATH\HTTP\URI.php(1045): CodeIgniter\HTTP\URI->filterPath('/')
 4 SYSTEMPATH\HTTP\URI.php(315): CodeIgniter\HTTP\URI->applyParts([...])
 5 SYSTEMPATH\HTTP\URI.php(259): CodeIgniter\HTTP\URI->setURI('http://localhost:8080/')
 6 SYSTEMPATH\HTTP\SiteURI.php(149): CodeIgniter\HTTP\URI->__construct('http://localhost:8080/')
 7 SYSTEMPATH\HTTP\SiteURI.php(102): CodeIgniter\HTTP\SiteURI->determineBaseURL(Object(Config\App), null, null)
 8 SYSTEMPATH\HTTP\SiteURIFactory.php(212): CodeIgniter\HTTP\SiteURI->__construct(Object(Config\App), '/', null)
 9 SYSTEMPATH\HTTP\SiteURIFactory.php(42): CodeIgniter\HTTP\SiteURIFactory->createURIFromRoutePath('/')
10 SYSTEMPATH\Config\Services.php(816): CodeIgniter\HTTP\SiteURIFactory->createFromGlobals()
11 SYSTEMPATH\Config\BaseService.php(312): CodeIgniter\Config\Services::uri(null, false)
12 SYSTEMPATH\Config\BaseService.php(251): CodeIgniter\Config\BaseService::__callStatic('uri', [...])
13 SYSTEMPATH\Config\Services.php(809): CodeIgniter\Config\BaseService::getSharedInstance('uri', null)
14 SYSTEMPATH\Config\BaseService.php(321): CodeIgniter\Config\Services::uri()
15 SYSTEMPATH\Config\BaseService.php(202): CodeIgniter\Config\BaseService::__callStatic('uri', [])
16 SYSTEMPATH\Config\Services.php(570): CodeIgniter\Config\BaseService::get('uri')
17 SYSTEMPATH\Config\BaseService.php(312): CodeIgniter\Config\Services::incomingrequest(Object(Config\App), false)
18 SYSTEMPATH\Config\Services.php(528): CodeIgniter\Config\BaseService::__callStatic('incomingrequest', [...])
19 SYSTEMPATH\Config\BaseService.php(321): CodeIgniter\Config\Services::request(Object(Config\App), false)
20 SYSTEMPATH\Config\BaseService.php(251): CodeIgniter\Config\BaseService::__callStatic('request', [...])
21 SYSTEMPATH\Config\Services.php(563): CodeIgniter\Config\BaseService::getSharedInstance('request', Object(Config\App))
22 SYSTEMPATH\Config\BaseService.php(321): CodeIgniter\Config\Services::incomingrequest(Object(Config\App))
23 SYSTEMPATH\Config\Services.php(543): CodeIgniter\Config\BaseService::__callStatic('incomingrequest', [...])
24 SYSTEMPATH\Config\BaseService.php(321): CodeIgniter\Config\Services::createRequest(Object(Config\App))
25 SYSTEMPATH\CodeIgniter.php(652): CodeIgniter\Config\BaseService::__callStatic('createRequest', [...])
26 SYSTEMPATH\CodeIgniter.php(337): CodeIgniter\CodeIgniter->getRequestObject()
27 SYSTEMPATH\Boot.php(325): CodeIgniter\CodeIgniter->run()
28 SYSTEMPATH\Boot.php(67): CodeIgniter\Boot::runCodeIgniter(Object(CodeIgniter\CodeIgniter))
29 FCPATH\index.php(56): CodeIgniter\Boot::bootWeb(Object(Config\Paths))
CRITICAL - 2024-12-27 16:06:23 --> CodeIgniter\HTTP\Exceptions\BadRequestException: The URI you submitted has disallowed characters: "('assets"
[Method: GET, Route: %28%27assets/css/style.css%27%29;]
in SYSTEMPATH\Router\Router.php on line 737.
 1 SYSTEMPATH\Router\Router.php(204): CodeIgniter\Router\Router->checkDisallowedChars('(\'assets/css/style.css\');')
 2 SYSTEMPATH\CodeIgniter.php(834): CodeIgniter\Router\Router->handle('(\'assets/css/style.css\');')
 3 SYSTEMPATH\CodeIgniter.php(457): CodeIgniter\CodeIgniter->tryToRouteIt(Object(CodeIgniter\Router\RouteCollection))
 4 SYSTEMPATH\CodeIgniter.php(355): CodeIgniter\CodeIgniter->handleRequest(null, Object(Config\Cache), false)
 5 SYSTEMPATH\Boot.php(325): CodeIgniter\CodeIgniter->run()
 6 SYSTEMPATH\Boot.php(67): CodeIgniter\Boot::runCodeIgniter(Object(CodeIgniter\CodeIgniter))
 7 FCPATH\index.php(56): CodeIgniter\Boot::bootWeb(Object(Config\Paths))
CRITICAL - 2024-12-27 16:06:25 --> CodeIgniter\HTTP\Exceptions\BadRequestException: The URI you submitted has disallowed characters: "('assets"
[Method: GET, Route: %28%27assets/css/style.css%27%29;]
in SYSTEMPATH\Router\Router.php on line 737.
 1 SYSTEMPATH\Router\Router.php(204): CodeIgniter\Router\Router->checkDisallowedChars('(\'assets/css/style.css\');')
 2 SYSTEMPATH\CodeIgniter.php(834): CodeIgniter\Router\Router->handle('(\'assets/css/style.css\');')
 3 SYSTEMPATH\CodeIgniter.php(457): CodeIgniter\CodeIgniter->tryToRouteIt(Object(CodeIgniter\Router\RouteCollection))
 4 SYSTEMPATH\CodeIgniter.php(355): CodeIgniter\CodeIgniter->handleRequest(null, Object(Config\Cache), false)
 5 SYSTEMPATH\Boot.php(325): CodeIgniter\CodeIgniter->run()
 6 SYSTEMPATH\Boot.php(67): CodeIgniter\Boot::runCodeIgniter(Object(CodeIgniter\CodeIgniter))
 7 FCPATH\index.php(56): CodeIgniter\Boot::bootWeb(Object(Config\Paths))
